 
****************************************
Report : timing
        -path full
        -delay min
        -max_paths 1
Design : eBike
Version: P-2019.03
Date   : Tue Dec 10 22:33:39 2019
****************************************

Operating Conditions: tt0p85v25c   Library: saed32rvt_tt0p85v25c
Wire Load Model Mode: enclosed

  Startpoint: isensorCondition/telemetry/smpl_cnt_reg[0]
              (rising edge-triggered flip-flop clocked by clk)
  Endpoint: isensorCondition/telemetry/smpl_cnt_reg[0]
            (rising edge-triggered flip-flop clocked by clk)
  Path Group: clk
  Path Type: min

  Des/Clust/Port     Wire Load Model       Library
  ------------------------------------------------
  eBike              16000                 saed32rvt_tt0p85v25c

  Point                                                   Incr       Path
  --------------------------------------------------------------------------
  clock clk (rise edge)                                   0.00       0.00
  clock network delay (ideal)                             0.00       0.00
  isensorCondition/telemetry/smpl_cnt_reg[0]/CLK (DFFARX1_RVT)
                                                          0.00       0.00 r
  isensorCondition/telemetry/smpl_cnt_reg[0]/QN (DFFARX1_RVT)
                                                          0.10       0.10 f
  isensorCondition/telemetry/smpl_cnt_reg[0]/D (DFFARX1_RVT)
                                                          0.01       0.11 f
  data arrival time                                                  0.11

  clock clk (rise edge)                                   0.00       0.00
  clock network delay (ideal)                             0.00       0.00
  clock uncertainty                                       0.12       0.12
  isensorCondition/telemetry/smpl_cnt_reg[0]/CLK (DFFARX1_RVT)
                                                          0.00       0.12 r
  library hold time                                      -0.02       0.10
  data required time                                                 0.10
  --------------------------------------------------------------------------
  data required time                                                 0.10
  data arrival time                                                 -0.11
  --------------------------------------------------------------------------
  slack (MET)                                                        0.01


1
